Restoring tag: 0
Saved current tag: 0 to /home/maaru/.cache/dwm_current_tag
Saved current tag: 1 to /home/maaru/.cache/dwm_current_tag
Window does not support WM_TAKE_FOCUS: 16777230
Saved current tag: 2 to /home/maaru/.cache/dwm_current_tag
Window does not support WM_TAKE_FOCUS: 16777230
Saved current tag: 2 to /home/maaru/.cache/dwm_current_tag
Window does not support WM_TAKE_FOCUS: 16777230
Sending urls to existing instance /home/maaru/.config/Vieb/
Restoring tag: 2
Saved current tag: 2 to /home/maaru/.cache/dwm_current_tag
Window does not support WM_TAKE_FOCUS: 12582926
Saved current tag: 2 to /home/maaru/.cache/dwm_current_tag
Window does not support WM_TAKE_FOCUS: 12582926
Saved current tag: 2 to /home/maaru/.cache/dwm_current_tag
Saved current tag: 2 to /home/maaru/.cache/dwm_current_tag
Saved current tag: 0 to /home/maaru/.cache/dwm_current_tag
Window does not support WM_TAKE_FOCUS: 18874371
Saved current tag: 0 to /home/maaru/.cache/dwm_current_tag
Window does not support WM_TAKE_FOCUS: 18874371
Saved current tag: 0 to /home/maaru/.cache/dwm_current_tag
Window does not support WM_TAKE_FOCUS: 18874371
Saved current tag: 0 to /home/maaru/.cache/dwm_current_tag
Window does not support WM_TAKE_FOCUS: 18874371
Saved current tag: 1 to /home/maaru/.cache/dwm_current_tag
Window does not support WM_TAKE_FOCUS: 18874371
Saved current tag: 0 to /home/maaru/.cache/dwm_current_tag
Window does not support WM_TAKE_FOCUS: 18874371
Saved current tag: 1 to /home/maaru/.cache/dwm_current_tag
Window does not support WM_TAKE_FOCUS: 29360142
Saved current tag: 1 to /home/maaru/.cache/dwm_current_tag
Window does not support WM_TAKE_FOCUS: 29360142
Window does not support WM_TAKE_FOCUS: 18874371
Saved current tag: 0 to /home/maaru/.cache/dwm_current_tag
Window does not support WM_TAKE_FOCUS: 29360142
Saved current tag: 1 to /home/maaru/.cache/dwm_current_tag
Saved current tag: 2 to /home/maaru/.cache/dwm_current_tag
Window does not support WM_TAKE_FOCUS: 29360142
Saved current tag: 1 to /home/maaru/.cache/dwm_current_tag
Saved current tag: 2 to /home/maaru/.cache/dwm_current_tag
Window does not support WM_TAKE_FOCUS: 29360142
Saved current tag: 1 to /home/maaru/.cache/dwm_current_tag
Window does not support WM_TAKE_FOCUS: 18874371
Saved current tag: 0 to /home/maaru/.cache/dwm_current_tag
Window does not support WM_TAKE_FOCUS: 29360142
Saved current tag: 1 to /home/maaru/.cache/dwm_current_tag
Saved current tag: 2 to /home/maaru/.cache/dwm_current_tag
Saved current tag: 2 to /home/maaru/.cache/dwm_current_tag
Saved current tag: 2 to /home/maaru/.cache/dwm_current_tag
Saved current tag: 2 to /home/maaru/.cache/dwm_current_tag
Window does not support WM_TAKE_FOCUS: 33554446
Saved current tag: 2 to /home/maaru/.cache/dwm_current_tag
Window does not support WM_TAKE_FOCUS: 33554446
Window does not support WM_TAKE_FOCUS: 33554446
Saved current tag: 2 to /home/maaru/.cache/dwm_current_tag
Window does not support WM_TAKE_FOCUS: 33554446
Window does not support WM_TAKE_FOCUS: 29360142
Saved current tag: 1 to /home/maaru/.cache/dwm_current_tag
Window does not support WM_TAKE_FOCUS: 18874371
Saved current tag: 0 to /home/maaru/.cache/dwm_current_tag
Window does not support WM_TAKE_FOCUS: 29360142
Saved current tag: 1 to /home/maaru/.cache/dwm_current_tag
Window does not support WM_TAKE_FOCUS: 33554446
Saved current tag: 2 to /home/maaru/.cache/dwm_current_tag
Window does not support WM_TAKE_FOCUS: 33554446
Saved current tag: 1 to /home/maaru/.cache/dwm_current_tag
Window does not support WM_TAKE_FOCUS: 33554446
Window does not support WM_TAKE_FOCUS: 18874371
Saved current tag: 0 to /home/maaru/.cache/dwm_current_tag
Window does not support WM_TAKE_FOCUS: 33554446
Saved current tag: 1 to /home/maaru/.cache/dwm_current_tag
Window does not support WM_TAKE_FOCUS: 18874371
Saved current tag: 0 to /home/maaru/.cache/dwm_current_tag
Saved current tag: 0 to /home/maaru/.cache/dwm_current_tag
Window does not support WM_TAKE_FOCUS: 33554446
Saved current tag: 1 to /home/maaru/.cache/dwm_current_tag
Window does not support WM_TAKE_FOCUS: 18874371
Saved current tag: 0 to /home/maaru/.cache/dwm_current_tag
Window does not support WM_TAKE_FOCUS: 33554446
Saved current tag: 1 to /home/maaru/.cache/dwm_current_tag
Window does not support WM_TAKE_FOCUS: 33554446
Saved current tag: 0 to /home/maaru/.cache/dwm_current_tag
Window does not support WM_TAKE_FOCUS: 18874371
Window does not support WM_TAKE_FOCUS: 18874371
Restoring tag: 0
Saved current tag: 0 to /home/maaru/.cache/dwm_current_tag
Window does not support WM_TAKE_FOCUS: 33554446
Saved current tag: 1 to /home/maaru/.cache/dwm_current_tag
Saved current tag: 2 to /home/maaru/.cache/dwm_current_tag
Saved current tag: 3 to /home/maaru/.cache/dwm_current_tag
Window does not support WM_TAKE_FOCUS: 29360142
Saved current tag: 3 to /home/maaru/.cache/dwm_current_tag
Window does not support WM_TAKE_FOCUS: 29360142
Window does not support WM_TAKE_FOCUS: 29360130
Window does not support WM_TAKE_FOCUS: 29360142
Saved current tag: 3 to /home/maaru/.cache/dwm_current_tag
Window does not support WM_TAKE_FOCUS: 29360142
Saved current tag: 2 to /home/maaru/.cache/dwm_current_tag
Window does not support WM_TAKE_FOCUS: 33554446
Saved current tag: 1 to /home/maaru/.cache/dwm_current_tag
Saved current tag: 2 to /home/maaru/.cache/dwm_current_tag
Window does not support WM_TAKE_FOCUS: 33554446
Saved current tag: 1 to /home/maaru/.cache/dwm_current_tag
Window does not support WM_TAKE_FOCUS: 18874371
Saved current tag: 0 to /home/maaru/.cache/dwm_current_tag
Window does not support WM_TAKE_FOCUS: 33554446
Saved current tag: 1 to /home/maaru/.cache/dwm_current_tag
Window does not support WM_TAKE_FOCUS: 18874371
Saved current tag: 0 to /home/maaru/.cache/dwm_current_tag
Window does not support WM_TAKE_FOCUS: 33554446
Saved current tag: 1 to /home/maaru/.cache/dwm_current_tag
Window does not support WM_TAKE_FOCUS: 33554446
Saved current tag: 0 to /home/maaru/.cache/dwm_current_tag
Window does not support WM_TAKE_FOCUS: 18874371
static
Theme is the same, no need to clear cache.
static
Theme is the same, no need to clear cache.
